android/build/intermediates/manifest_merge_blame_file/debug/manifest-merger-blame-debug-report.txt
1<?xml version="1.0" encoding="utf-8"?>
2<manifest xmlns:android="http://schemas.android.com/apk/res/android"
3    package="edu.binghamton.cs"
4    android:versionCode="1"
5    android:versionName="1.0" >
6
7    <uses-sdk
8        android:minSdkVersion="24"
8-->CS-441-Animation/android/AndroidManifest.xml
9        android:targetSdkVersion="31" />
9-->CS-441-Animation/android/AndroidManifest.xml
10
11    <queries>
11-->[com.google.ar:core:1.27.0] AndroidManifest.xml:29:5-31:15
12        <package android:name="com.google.ar.core" />
12-->[com.google.ar:core:1.27.0] AndroidManifest.xml:30:9-54
12-->[com.google.ar:core:1.27.0] AndroidManifest.xml:30:18-51
13    </queries>
14
15    <application
15-->CS-441-Animation/android/AndroidManifest.xml:5:5-24:19
16        android:allowBackup="true"
16-->CS-441-Animation/android/AndroidManifest.xml:6:9-35
17        android:appCategory="game"
17-->CS-441-Animation/android/AndroidManifest.xml:9:9-35
18        android:debuggable="true"
19        android:extractNativeLibs="false"
20        android:icon="@drawable/ic_launcher"
20-->CS-441-Animation/android/AndroidManifest.xml:7:9-45
21        android:isGame="true"
21-->CS-441-Animation/android/AndroidManifest.xml:8:9-30
22        android:label="@string/app_name"
22-->CS-441-Animation/android/AndroidManifest.xml:10:9-41
23        android:testOnly="true"
24        android:theme="@style/GdxTheme" >
24-->CS-441-Animation/android/AndroidManifest.xml:11:9-40
25        <activity
25-->CS-441-Animation/android/AndroidManifest.xml:12:9-23:20
26            android:name="edu.binghamton.cs.AndroidLauncher"
26-->CS-441-Animation/android/AndroidManifest.xml:13:13-61
27            android:configChanges="keyboard|keyboardHidden|navigation|orientation|screenSize|screenLayout"
27-->CS-441-Animation/android/AndroidManifest.xml:16:13-107
28            android:exported="true"
28-->CS-441-Animation/android/AndroidManifest.xml:17:13-36
29            android:label="@string/app_name"
29-->CS-441-Animation/android/AndroidManifest.xml:14:13-45
30            android:screenOrientation="landscape" >
30-->CS-441-Animation/android/AndroidManifest.xml:15:13-50
31            <meta-data
31-->CS-441-Animation/android/AndroidManifest.xml:18:13-85
32                android:name="com.google.ar.core"
32-->CS-441-Animation/android/AndroidManifest.xml:18:24-57
33                android:value="required" />
33-->CS-441-Animation/android/AndroidManifest.xml:18:58-82
34
35            <intent-filter>
35-->CS-441-Animation/android/AndroidManifest.xml:19:13-22:29
36                <action android:name="android.intent.action.MAIN" />
36-->CS-441-Animation/android/AndroidManifest.xml:20:17-69
36-->CS-441-Animation/android/AndroidManifest.xml:20:25-66
37
38                <category android:name="android.intent.category.LAUNCHER" />
38-->CS-441-Animation/android/AndroidManifest.xml:21:17-77
38-->CS-441-Animation/android/AndroidManifest.xml:21:27-74
39            </intent-filter>
40        </activity>
41        <!-- The minimal version code of ARCore APK required for an app using this SDK. -->
42        <meta-data
42-->[com.google.ar:core:1.27.0] AndroidManifest.xml:36:9-38:41
43            android:name="com.google.ar.core.min_apk_version"
43-->[com.google.ar:core:1.27.0] AndroidManifest.xml:37:13-62
44            android:value="212010000" /> <!-- This activity is critical for installing ARCore when it is not already present. -->
44-->[com.google.ar:core:1.27.0] AndroidManifest.xml:38:13-38
45        <activity
45-->[com.google.ar:core:1.27.0] AndroidManifest.xml:40:9-46:80
46            android:name="com.google.ar.core.InstallActivity"
46-->[com.google.ar:core:1.27.0] AndroidManifest.xml:41:13-62
47            android:configChanges="keyboardHidden|orientation|screenSize"
47-->[com.google.ar:core:1.27.0] AndroidManifest.xml:42:13-74
48            android:excludeFromRecents="true"
48-->[com.google.ar:core:1.27.0] AndroidManifest.xml:43:13-46
49            android:exported="false"
49-->[com.google.ar:core:1.27.0] AndroidManifest.xml:44:13-37
50            android:launchMode="singleTop"
50-->[com.google.ar:core:1.27.0] AndroidManifest.xml:45:13-43
51            android:theme="@android:style/Theme.Material.Light.Dialog.Alert" />
51-->[com.google.ar:core:1.27.0] AndroidManifest.xml:46:13-77
52    </application>
53
54</manifest>